2017-08-30T19:10:15.953Z INFO    ConnectionProfileManager :constructor()             Created a new ConnectionProfileManager {"0":{"fs":{}}}$
2017-08-30T19:10:15.969Z INFO    FSConnectionProfileStore :save()                    Saved connection profile defaultProfile {}$
2017-08-30T19:10:15.970Z INFO    ConnectionProfileManager :connect()                 Connecting using defaultProfile {}$
2017-08-30T19:10:15.972Z INFO    FSConnectionProfileStore :load()                    Loaded connection profile defaultProfile {"0":"{\n    \"type\": \"embedded\"\n}"}$
2017-08-30T19:10:15.972Z INFO    ConnectionProfileManager :getConnectionManager()    Looking up a connection manager for profile {"0":"defaultProfile"}$
2017-08-30T19:10:15.973Z INFO    FSConnectionProfileStore :load()                    Loaded connection profile defaultProfile {"0":"{\n    \"type\": \"embedded\"\n}"}$
2017-08-30T19:10:21.526Z INFO    ConnectionProfileManager :getConnectionManager()    Using this connection manager  {"0":{"connectionProfileManager":{"connectionProfileStore":{"fs":{}}}}}$
2017-08-30T19:10:21.535Z INFO    ModelManager             :info()                    
    namespace org.hyperledger.composer.system

    abstract asset Asset {  }

    abstract participant Participant {   }

    abstract transaction Transaction identified by transactionId{
      o String transactionId
      o DateTime timestamp
    }

    abstract event Event identified by eventId{
      o String eventId
      o DateTime timestamp
    }
 {}$
